<?xml version="1.0" encoding="UTF-8"?>
<testsuite name="jpabook.jpashop.MemberRepositoryTest" tests="1" skipped="0" failures="0" errors="0" timestamp="2024-06-03T11:32:43" hostname="gongdaepyoui-MacBookPro.local" time="0.303">
  <properties/>
  <testcase name="testMember()" classname="jpabook.jpashop.MemberRepositoryTest" time="0.303"/>
  <system-out><![CDATA[20:32:42.439 [Test worker] INFO org.springframework.test.context.support.AnnotationConfigContextLoaderUtils -- Could not detect default configuration classes for test class [jpabook.jpashop.MemberRepositoryTest]: MemberRepositoryTest does not declare any static, non-private, non-final, nested classes annotated with @Configuration.
20:32:42.473 [Test worker] INFO org.springframework.boot.test.context.SpringBootTestContextBootstrapper -- Found @SpringBootConfiguration jpabook.jpashop.JpashopApplication for test class jpabook.jpashop.MemberRepositoryTest
20:32:42.517 [Test worker] INFO org.springframework.boot.devtools.restart.RestartApplicationListener -- Restart disabled due to context in which it is running
  .   ____          _            __ _ _
 /\\ / ___'_ __ _ _(_)_ __  __ _ \ \ \ \
( ( )\___ | '_ | '_| | '_ \/ _` | \ \ \ \
 \\/  ___)| |_)| | | | | || (_| |  ) ) ) )
  '  |____| .__|_| |_|_| |_\__, | / / / /
 =========|_|==============|___/=/_/_/_/

 :: Spring Boot ::                (v3.3.0)

2024-06-03T20:32:42.602+09:00  INFO 27666 --- [    Test worker] jpabook.jpashop.MemberRepositoryTest     : Starting MemberRepositoryTest using Java 21.0.2 with PID 27666 (started by c5ng in /Users/c5ng/Desktop/C5ng/JPA-Usage-1)
2024-06-03T20:32:42.603+09:00  INFO 27666 --- [    Test worker] jpabook.jpashop.MemberRepositoryTest     : No active profile set, falling back to 1 default profile: "default"
2024-06-03T20:32:42.811+09:00  INFO 27666 --- [    Test worker] .s.d.r.c.RepositoryConfigurationDelegate : Bootstrapping Spring Data JPA repositories in DEFAULT mode.
2024-06-03T20:32:42.818+09:00  INFO 27666 --- [    Test worker] .s.d.r.c.RepositoryConfigurationDelegate : Finished Spring Data repository scanning in 4 ms. Found 0 JPA repository interfaces.
2024-06-03T20:32:43.022+09:00  INFO 27666 --- [    Test worker] com.zaxxer.hikari.HikariDataSource       : HikariPool-1 - Starting...
2024-06-03T20:32:43.058+09:00  INFO 27666 --- [    Test worker] com.zaxxer.hikari.pool.HikariPool        : HikariPool-1 - Added connection conn0: url=jdbc:h2:tcp://localhost/~/jpashop user=SA
2024-06-03T20:32:43.059+09:00  INFO 27666 --- [    Test worker] com.zaxxer.hikari.HikariDataSource       : HikariPool-1 - Start completed.
2024-06-03T20:32:43.075+09:00  INFO 27666 --- [    Test worker] o.hibernate.jpa.internal.util.LogHelper  : HHH000204: Processing PersistenceUnitInfo [name: default]
2024-06-03T20:32:43.090+09:00  INFO 27666 --- [    Test worker] org.hibernate.Version                    : HHH000412: Hibernate ORM core version 6.5.2.Final
2024-06-03T20:32:43.100+09:00  INFO 27666 --- [    Test worker] o.h.c.internal.RegionFactoryInitiator    : HHH000026: Second-level cache disabled
2024-06-03T20:32:43.196+09:00  INFO 27666 --- [    Test worker] o.s.o.j.p.SpringPersistenceUnitInfo      : No LoadTimeWeaver setup: ignoring JPA class transformer
2024-06-03T20:32:43.276+09:00  INFO 27666 --- [    Test worker] p6spy                                    : #1717414363276 | took 3ms | statement | connection 2| url jdbc:h2:tcp://localhost/~/jpashop
select * from INFORMATION_SCHEMA.SEQUENCES
select * from INFORMATION_SCHEMA.SEQUENCES;
2024-06-03T20:32:43.476+09:00  INFO 27666 --- [    Test worker] o.h.e.t.j.p.i.JtaPlatformInitiator       : HHH000489: No JTA platform available (set 'hibernate.transaction.jta.platform' to enable JTA platform integration)
2024-06-03T20:32:43.477+09:00  INFO 27666 --- [    Test worker] j.LocalContainerEntityManagerFactoryBean : Initialized JPA EntityManagerFactory for persistence unit 'default'
2024-06-03T20:32:43.551+09:00  WARN 27666 --- [    Test worker] JpaBaseConfiguration$JpaWebConfiguration : spring.jpa.open-in-view is enabled by default. Therefore, database queries may be performed during view rendering. Explicitly configure spring.jpa.open-in-view to disable this warning
2024-06-03T20:32:43.561+09:00  INFO 27666 --- [    Test worker] o.s.b.a.w.s.WelcomePageHandlerMapping    : Adding welcome page: class path resource [static/index.html]
2024-06-03T20:32:43.706+09:00  INFO 27666 --- [    Test worker] jpabook.jpashop.MemberRepositoryTest     : Started MemberRepositoryTest in 1.192 seconds (process running for 1.567)
2024-06-03T20:32:43.983+09:00 DEBUG 27666 --- [    Test worker] org.hibernate.SQL                        : select next value for member_seq
2024-06-03T20:32:43.984+09:00  INFO 27666 --- [    Test worker] p6spy                                    : #1717414363984 | took 0ms | statement | connection 3| url jdbc:h2:tcp://localhost/~/jpashop
select next value for member_seq
select next value for member_seq;
2024-06-03T20:32:44.013+09:00  INFO 27666 --- [    Test worker] p6spy                                    : #1717414364013 | took 0ms | rollback | connection 3| url jdbc:h2:tcp://localhost/~/jpashop

;
]]></system-out>
  <system-err><![CDATA[WARNING: A Java agent has been loaded dynamically (/Users/c5ng/.gradle/caches/modules-2/files-2.1/net.bytebuddy/byte-buddy-agent/1.14.16/4a451ee6484abac3a498df0f3b33ed00a6fced4d/byte-buddy-agent-1.14.16.jar)
WARNING: If a serviceability tool is in use, please run with -XX:+EnableDynamicAgentLoading to hide this warning
WARNING: If a serviceability tool is not in use, please run with -Djdk.instrument.traceUsage for more information
WARNING: Dynamic loading of agents will be disallowed by default in a future release
]]></system-err>
</testsuite>
